<?xml version="1.0" encoding="UTF-8"?>
<testsuite xmlns:xsi="http://www.w3.org/2001/XMLSchema-instance" xsi:noNamespaceSchemaLocation="https://maven.apache.org/surefire/maven-surefire-plugin/xsd/surefire-test-report.xsd" name="com.auca.LocationTest" time="39.29" tests="1" errors="0" skipped="0" failures="1">
  <properties>
[...]
</properties>
  <testcase name="testSaveSectorWithDistrictParentSuccessfully" classname="com.auca.LocationTest" time="38.544">
    <failure message="expected:&lt;[Location saved Successfully]&gt; but was:&lt;[Error: Parent location with code DIST002 not found]&gt;" type="org.junit.ComparisonFailure"><![CDATA[org.junit.ComparisonFailure: expected:<[Location saved Successfully]> but was:<[Error: Parent location with code DIST002 not found]>
	at com.auca.LocationTest.testSaveSectorWithDistrictParentSuccessfully(LocationTest.java:42)
]]></failure>
    <system-out><![CDATA[Getting SessionFactory...
=== Starting Hibernate Configuration ===
Database URL: jdbc:postgresql://localhost:5432/auca_lib
Database User: postgres
Adding annotated classes...
Classes added successfully
Building ServiceRegistry...
ServiceRegistry built successfully
Building SessionFactory...
=== SessionFactory created successfully! ===
Opening session...
Session opened successfully
Hibernate: select l1_0.location_id,l1_0.location_code,l1_0.location_name,l1_0.location_type,l1_0.parent_id from location l1_0 where l1_0.location_code=?
]]></system-out>
    <system-err><![CDATA[Jul 29, 2025 3:12:41 PM org.hibernate.Version logVersion
INFO: HHH000412: Hibernate ORM core version 6.6.15.Final
Jul 29, 2025 3:12:42 PM org.hibernate.cache.internal.RegionFactoryInitiator initiateService
INFO: HHH000026: Second-level cache disabled
Jul 29, 2025 3:12:43 PM org.hibernate.engine.jdbc.connections.internal.DriverManagerConnectionProviderImpl configure
WARN: HHH10001002: Using built-in connection pool (not intended for production use)
Jul 29, 2025 3:12:45 PM org.hibernate.engine.jdbc.dialect.internal.DialectFactoryImpl constructDialect
WARN: HHH90000025: PostgreSQLDialect does not need to be specified explicitly using 'hibernate.dialect' (remove the property setting and it will be selected by default)
Jul 29, 2025 3:12:45 PM org.hibernate.engine.jdbc.env.internal.JdbcEnvironmentInitiator logConnectionInfo
INFO: HHH10001005: Database info:
	Database JDBC URL [jdbc:postgresql://localhost:5432/auca_lib]
	Database driver: org.postgresql.Driver
	Database version: 16.8
	Autocommit mode: false
	Isolation level: undefined/unknown
	Minimum pool size: 1
	Maximum pool size: 20
Jul 29, 2025 3:13:13 PM org.hibernate.engine.transaction.jta.platform.internal.JtaPlatformInitiator initiateService
INFO: HHH000489: No JTA platform available (set 'hibernate.transaction.jta.platform' to enable JTA platform integration)
Jul 29, 2025 3:13:14 PM org.hibernate.resource.transaction.backend.jdbc.internal.DdlTransactionIsolatorNonJtaImpl getIsolatedConnection
INFO: HHH10001501: Connection obtained from JdbcConnectionAccess [org.hibernate.engine.jdbc.env.internal.JdbcEnvironmentInitiator$ConnectionProviderJdbcConnectionAccess@4776e209] for (non-JTA) DDL execution was not in auto-commit mode; the Connection 'local transaction' will be committed and the Connection will be set into auto-commit mode.
]]></system-err>
  </testcase>
</testsuite>